TN:
SF:/Users/zack/Documents/gitrepos/learn-pack-umd/src/mfactory.js
FN:14,_interopRequireDefault
FN:16,mfactory
FNF:2
FNH:2
FNDA:1,_interopRequireDefault
FNDA:5,mfactory
DA:0,1
DA:4,1
DA:5,5
DA:6,5
DA:8,2
DA:9,2
DA:11,3
DA:12,3
DA:14,5
DA:15,0
DA:17,5
LF:11
LH:10
BRDA:14,1,0,1
BRDA:14,1,1,0
BRDA:14,2,0,1
BRDA:14,2,1,1
BRDA:18,3,0,2
BRDA:18,3,1,3
BRDA:26,4,0,0
BRDA:26,4,1,5
BRF:8
BRH:7
end_of_record
TN:
SF:/Users/zack/Documents/gitrepos/learn-pack-umd/src/alpha.js
FN:3,(anonymous_1)
FN:3,defineProperties
FN:3,(anonymous_3)
FN:9,_classCallCheck
FN:11,(anonymous_5)
FN:12,alpha
FN:20,getName
FNF:7
FNH:7
FNDA:1,(anonymous_1)
FNDA:1,defineProperties
FNDA:1,(anonymous_3)
FNDA:2,_classCallCheck
FNDA:1,(anonymous_5)
FNDA:2,alpha
FNDA:2,getName
DA:0,2
DA:2,1
DA:3,2
DA:7,2
LF:4
LH:4
BRDA:3,1,0,1
BRDA:3,1,1,1
BRDA:3,2,0,1
BRDA:3,2,1,0
BRDA:3,3,0,1
BRDA:3,3,1,0
BRDA:3,4,0,0
BRDA:3,4,1,1
BRDA:9,5,0,0
BRDA:9,5,1,2
BRF:10
BRH:10
end_of_record
TN:
SF:/Users/zack/Documents/gitrepos/learn-pack-umd/src/beta.js
FN:3,(anonymous_1)
FN:3,defineProperties
FN:3,(anonymous_3)
FN:13,_interopRequireDefault
FN:15,_classCallCheck
FN:17,_possibleConstructorReturn
FN:19,_inherits
FN:21,(anonymous_8)
FN:24,Alpha
FN:35,getName
FN:41,print
FNF:11
FNH:11
FNDA:1,(anonymous_1)
FNDA:1,defineProperties
FNDA:1,(anonymous_3)
FNDA:1,_interopRequireDefault
FNDA:3,_classCallCheck
FNDA:3,_possibleConstructorReturn
FNDA:1,_inherits
FNDA:1,(anonymous_8)
FNDA:3,Alpha
FNDA:2,getName
FNDA:0,print
DA:0,3
DA:4,1
DA:6,3
DA:9,2
DA:10,2
DA:13,0
LF:6
LH:5
BRDA:3,1,0,2
BRDA:3,1,1,2
BRDA:3,2,0,2
BRDA:3,2,1,0
BRDA:3,3,0,1
BRDA:3,3,1,0
BRDA:3,4,0,0
BRDA:3,4,1,1
BRDA:13,5,0,0
BRDA:13,5,1,1
BRDA:13,6,0,1
BRDA:13,6,1,1
BRDA:15,7,0,0
BRDA:15,7,1,3
BRDA:17,8,0,0
BRDA:17,8,1,3
BRDA:17,9,0,0
BRDA:17,9,1,3
BRDA:17,10,0,3
BRDA:17,10,1,0
BRDA:17,10,2,0
BRDA:19,11,0,0
BRDA:19,11,1,1
BRDA:19,12,0,1
BRDA:19,12,1,0
BRDA:19,13,0,1
BRDA:19,13,1,1
BRDA:19,14,0,1
BRDA:19,14,1,0
BRDA:19,15,0,1
BRDA:19,15,1,0
BRF:31
BRH:31
end_of_record
